mobile/modules/sim-verification/android/build/intermediates/manifest_merge_blame_file/debug/processDebugManifest/manifest-merger-blame-debug-report.txt
1<?xml version="1.0" encoding="utf-8"?>
2<manifest xmlns:android="http://schemas.android.com/apk/res/android"
3    package="expo.modules.simverification" >
4    <!--
5    SMS Retriever BroadcastReceiver is registered dynamically in code
6    (no static manifest declaration needed for SMS_RETRIEVED_ACTION).
7    The User Consent API also uses a dynamic receiver.
8    -->
9    <uses-sdk android:minSdkVersion="24" />
10
11    <!--
12    ─── PERMISSIONS EXPLANATION ────────────────────────────────────────────────
13
14    READ_PHONE_STATE     – Required to enumerate SIM subscriptions (dual SIM).
15                           Android 13+ limits what this grants — phone number
16                           reading requires separate READ_PHONE_NUMBERS.
17
18    READ_PHONE_NUMBERS   – Required on Android 8+ to read the subscriber number
19                           from SIM. Declared separately from READ_PHONE_STATE.
20                           NOTE: Many carriers do NOT store number on SIM, so
21                           this will return "" even when granted.
22
23    ─── NOT REQUIRED (SMS Retriever API advantage) ──────────────────────────
24    READ_SMS             – NOT NEEDED. SMS Retriever reads only the matching SMS.
25    RECEIVE_SMS          – NOT NEEDED for SMS Retriever.
26                           (Your app.json currently declares RECEIVE_SMS —
27                            remove it for Play Store compliance if using
28                            SMS Retriever exclusively.)
29    ────────────────────────────────────────────────────────────────────────────
30    -->
31
32    <uses-permission android:name="android.permission.READ_PHONE_STATE" />
32-->src/main/AndroidManifest.xml:25:3-73
32-->src/main/AndroidManifest.xml:25:20-70
33    <uses-permission android:name="android.permission.READ_PHONE_NUMBERS" />
33-->src/main/AndroidManifest.xml:26:3-75
33-->src/main/AndroidManifest.xml:26:20-72
34
35</manifest>